[2019-07-23 09:03:00.136] [exthost] [info] extension host started
[2019-07-23 09:03:00.275] [exthost] [info] ExtensionService#_doActivateExtension vscode.emmet {"startup":false,"activationEvent":"onLanguage:html"}
[2019-07-23 09:03:00.275] [exthost] [info] ExtensionService#loadCommonJSModule /usr/share/code/resources/app/extensions/emmet/dist/extension
[2019-07-23 09:03:00.328] [exthost] [info] ExtensionService#_doActivateExtension vscode.html-language-features {"startup":false,"activationEvent":"onLanguage:html"}
[2019-07-23 09:03:00.328] [exthost] [info] ExtensionService#loadCommonJSModule /usr/share/code/resources/app/extensions/html-language-features/client/dist/htmlMain
[2019-07-23 09:03:00.575] [exthost] [info] ExtensionService#_doActivateExtension vscode.debug-auto-launch {"startup":true,"activationEvent":"*"}
[2019-07-23 09:03:00.575] [exthost] [info] ExtensionService#loadCommonJSModule /usr/share/code/resources/app/extensions/debug-auto-launch/dist/extension
[2019-07-23 09:03:00.618] [exthost] [info] ExtensionService#_doActivateExtension vscode.git {"startup":true,"activationEvent":"*"}
[2019-07-23 09:03:00.618] [exthost] [info] ExtensionService#loadCommonJSModule /usr/share/code/resources/app/extensions/git/dist/main
[2019-07-23 09:03:00.912] [exthost] [info] ExtensionService#_doActivateExtension vscode.merge-conflict {"startup":true,"activationEvent":"*"}
[2019-07-23 09:03:00.912] [exthost] [info] ExtensionService#loadCommonJSModule /usr/share/code/resources/app/extensions/merge-conflict/dist/extension
[2019-07-23 09:03:00.952] [exthost] [info] ExtensionService#_doActivateExtension AllenLawrence.auto-mongodb {"startup":true,"activationEvent":"*"}
[2019-07-23 09:03:00.952] [exthost] [info] ExtensionService#loadCommonJSModule /root/.vscode/extensions/allenlawrence.auto-mongodb-0.1.0/out/extension
[2019-07-23 09:03:06.076] [exthost] [info] ExtensionService#_doActivateExtension ms-vscode.sublime-keybindings {"startup":true,"activationEvent":"*"}
[2019-07-23 09:03:06.076] [exthost] [info] ExtensionService#loadCommonJSModule /root/.vscode/extensions/ms-vscode.sublime-keybindings-4.0.3/out/extension
[2019-07-23 09:03:06.230] [exthost] [info] ExtensionService#_doActivateExtension PKief.material-icon-theme {"startup":true,"activationEvent":"*"}
[2019-07-23 09:03:06.230] [exthost] [info] ExtensionService#loadCommonJSModule /root/.vscode/extensions/pkief.material-icon-theme-3.8.1/dist/extension
[2019-07-23 09:03:06.273] [exthost] [info] eager extensions activated
[2019-07-23 09:04:45.663] [exthost] [info] ExtensionService#_doActivateExtension vscode.configuration-editing {"startup":false,"activationEvent":"onLanguage:jsonc"}
[2019-07-23 09:04:45.663] [exthost] [info] ExtensionService#loadCommonJSModule /usr/share/code/resources/app/extensions/configuration-editing/dist/extension
[2019-07-23 09:04:45.694] [exthost] [info] ExtensionService#_doActivateExtension vscode.json-language-features {"startup":false,"activationEvent":"onLanguage:jsonc"}
[2019-07-23 09:04:45.694] [exthost] [info] ExtensionService#loadCommonJSModule /usr/share/code/resources/app/extensions/json-language-features/client/dist/jsonMain
[2019-07-23 09:04:45.801] [exthost] [info] ExtensionService#_doActivateExtension vscode.typescript-language-features {"startup":false,"activationEvent":"onLanguage:jsonc"}
[2019-07-23 09:04:45.801] [exthost] [info] ExtensionService#loadCommonJSModule /usr/share/code/resources/app/extensions/typescript-language-features/dist/extension
[2019-07-23 09:06:29.587] [exthost] [info] ExtensionService#_doActivateExtension dbaeumer.vscode-eslint {"startup":false,"activationEvent":"*"}
[2019-07-23 09:06:29.587] [exthost] [info] ExtensionService#loadCommonJSModule /root/.vscode/extensions/dbaeumer.vscode-eslint-1.9.0/client/out/extension
[2019-07-23 09:08:32.890] [exthost] [info] ExtensionService#_doActivateExtension vscode.python {"startup":false,"activationEvent":"onLanguage:python"}
[2019-07-23 09:08:32.890] [exthost] [info] ExtensionService#loadCommonJSModule /usr/share/code/resources/app/extensions/python/out/pythonMain
[2019-07-23 09:08:32.893] [exthost] [info] ExtensionService#_doActivateExtension ms-python.python {"startup":false,"activationEvent":"onLanguage:python"}
[2019-07-23 09:08:32.893] [exthost] [info] ExtensionService#loadCommonJSModule /root/.vscode/extensions/ms-python.python-2019.6.24221/out/client/extension
