[2019-07-17 12:00:56.460] [sharedprocess] [info] main {"machineId":"8537f086b8002f1a83c73b358c38f62ce5b7a083124369640c769ea9af545c59"}
[2019-07-17 12:00:57.394] [sharedprocess] [info] Scanned user extensions: 3
[2019-07-17 12:01:11.569] [sharedprocess] [info] Scanned user extensions: 3
[2019-07-17 12:01:11.660] [sharedprocess] [info] Deleted from disk ms-vscode-devlab.vscode-mongodb /root/.vscode/extensions/ms-vscode-devlab.vscode-mongodb-0.0.2
[2019-07-17 12:01:11.665] [sharedprocess] [info] Scanned system extensions: 72
[2019-07-17 12:01:11.945] [sharedprocess] [info] Scanned system extensions: 72
[2019-07-17 12:01:12.040] [sharedprocess] [info] Scanned user extensions: 3
[2019-07-17 12:01:12.111] [sharedprocess] [info] Scanned system extensions: 72
[2019-07-17 12:01:12.680] [sharedprocess] [info] Scanned user extensions: 3
[2019-07-17 12:01:21.148] [sharedprocess] [info] Installing extension: pkief.material-icon-theme
[2019-07-17 12:01:21.190] [sharedprocess] [info] Scanned user extensions: 3
[2019-07-17 12:01:34.195] [sharedprocess] [info] Downloaded extension: pkief.material-icon-theme /tmp/36a52325-63c1-4769-9fee-705c0bd61182
[2019-07-17 12:01:34.944] [sharedprocess] [info] Extracted extension to /root/.vscode/extensions/.pkief.material-icon-theme-3.8.1: pkief.material-icon-theme
[2019-07-17 12:01:34.944] [sharedprocess] [info] Renamed to /root/.vscode/extensions/pkief.material-icon-theme-3.8.1
[2019-07-17 12:01:34.946] [sharedprocess] [info] Installation completed. pkief.material-icon-theme
[2019-07-17 12:01:36.453] [sharedprocess] [info] Starting to clean up unused language packs.
[2019-07-17 12:01:37.118] [sharedprocess] [info] Extensions installed successfully: pkief.material-icon-theme
[2019-07-17 12:06:12.851] [sharedprocess] [info] Scanned user extensions: 3
[2019-07-17 12:11:12.968] [sharedprocess] [info] Scanned user extensions: 3
[2019-07-17 12:16:13.036] [sharedprocess] [info] Scanned user extensions: 3
[2019-07-17 12:19:21.516] [sharedprocess] [info] Scanned user extensions: 3
[2019-07-17 12:19:22.382] [sharedprocess] [info] Scanned system extensions: 72
[2019-07-17 12:19:22.511] [sharedprocess] [info] Scanned user extensions: 3
[2019-07-17 12:19:22.523] [sharedprocess] [info] Scanned system extensions: 72
[2019-07-17 12:21:13.187] [sharedprocess] [info] Scanned user extensions: 3
[2019-07-17 12:26:13.312] [sharedprocess] [info] Scanned user extensions: 3
[2019-07-17 12:31:13.413] [sharedprocess] [info] Scanned user extensions: 3
[2019-07-17 12:36:13.480] [sharedprocess] [info] Scanned user extensions: 3
[2019-07-17 12:41:13.633] [sharedprocess] [info] Scanned user extensions: 3
[2019-07-17 12:46:13.748] [sharedprocess] [info] Scanned user extensions: 3
[2019-07-17 12:51:13.874] [sharedprocess] [info] Scanned user extensions: 3
[2019-07-17 12:56:13.950] [sharedprocess] [info] Scanned user extensions: 3
[2019-07-17 13:01:42.027] [sharedprocess] [info] Scanned user extensions: 3
[2019-07-17 13:07:41.237] [sharedprocess] [info] Scanned user extensions: 3
[2019-07-17 13:12:41.338] [sharedprocess] [info] Scanned user extensions: 3
[2019-07-17 13:17:41.397] [sharedprocess] [info] Scanned user extensions: 3
[2019-07-17 13:22:41.490] [sharedprocess] [info] Scanned user extensions: 3
[2019-07-17 13:27:41.574] [sharedprocess] [info] Scanned user extensions: 3
[2019-07-17 13:32:41.683] [sharedprocess] [info] Scanned user extensions: 3
[2019-07-17 13:37:41.792] [sharedprocess] [info] Scanned user extensions: 3
[2019-07-17 13:42:41.912] [sharedprocess] [info] Scanned user extensions: 3
[2019-07-17 13:47:42.026] [sharedprocess] [info] Scanned user extensions: 3
[2019-07-17 13:52:42.227] [sharedprocess] [info] Scanned user extensions: 3
[2019-07-17 13:57:42.344] [sharedprocess] [info] Scanned user extensions: 3
[2019-07-17 14:02:42.445] [sharedprocess] [info] Scanned user extensions: 3
[2019-07-17 14:07:43.412] [sharedprocess] [info] Scanned user extensions: 3
[2019-07-17 14:12:43.513] [sharedprocess] [info] Scanned user extensions: 3
[2019-07-17 14:17:43.630] [sharedprocess] [info] Scanned user extensions: 3
[2019-07-17 14:22:43.814] [sharedprocess] [info] Scanned user extensions: 3
[2019-07-17 14:27:43.974] [sharedprocess] [info] Scanned user extensions: 3
[2019-07-17 14:32:44.041] [sharedprocess] [info] Scanned user extensions: 3
[2019-07-17 14:37:44.141] [sharedprocess] [info] Scanned user extensions: 3
[2019-07-17 14:42:44.217] [sharedprocess] [info] Scanned user extensions: 3
[2019-07-17 14:47:44.284] [sharedprocess] [info] Scanned user extensions: 3
[2019-07-17 14:52:44.343] [sharedprocess] [info] Scanned user extensions: 3
[2019-07-17 14:57:44.427] [sharedprocess] [info] Scanned user extensions: 3
[2019-07-17 15:02:44.536] [sharedprocess] [info] Scanned user extensions: 3
[2019-07-17 15:07:51.479] [sharedprocess] [info] Scanned user extensions: 3
[2019-07-17 15:12:51.869] [sharedprocess] [info] Scanned user extensions: 3
[2019-07-17 15:17:52.093] [sharedprocess] [info] Scanned user extensions: 3
[2019-07-17 15:22:52.156] [sharedprocess] [info] Scanned user extensions: 3
[2019-07-17 15:27:52.224] [sharedprocess] [info] Scanned user extensions: 3
[2019-07-17 15:32:52.307] [sharedprocess] [info] Scanned user extensions: 3
[2019-07-17 15:37:52.358] [sharedprocess] [info] Scanned user extensions: 3
[2019-07-17 15:42:52.492] [sharedprocess] [info] Scanned user extensions: 3
[2019-07-17 15:47:52.560] [sharedprocess] [info] Scanned user extensions: 3
[2019-07-17 15:52:52.702] [sharedprocess] [info] Scanned user extensions: 3
[2019-07-17 15:57:52.978] [sharedprocess] [info] Scanned user extensions: 3
[2019-07-17 16:02:53.137] [sharedprocess] [info] Scanned user extensions: 3
[2019-07-17 16:07:54.262] [sharedprocess] [info] Scanned user extensions: 3
[2019-07-17 16:12:54.363] [sharedprocess] [info] Scanned user extensions: 3
[2019-07-17 16:17:54.463] [sharedprocess] [info] Scanned user extensions: 3
[2019-07-17 16:22:54.663] [sharedprocess] [info] Scanned user extensions: 3
[2019-07-17 16:27:54.823] [sharedprocess] [info] Scanned user extensions: 3
[2019-07-17 16:32:54.999] [sharedprocess] [info] Scanned user extensions: 3
[2019-07-17 16:37:55.175] [sharedprocess] [info] Scanned user extensions: 3
[2019-07-17 16:42:55.333] [sharedprocess] [info] Scanned user extensions: 3
[2019-07-17 16:47:55.548] [sharedprocess] [info] Scanned user extensions: 3
[2019-07-17 16:52:55.777] [sharedprocess] [info] Scanned user extensions: 3
[2019-07-17 16:57:56.035] [sharedprocess] [info] Scanned user extensions: 3
[2019-07-17 17:02:56.586] [sharedprocess] [info] Scanned user extensions: 3
[2019-07-17 17:08:10.837] [sharedprocess] [info] Scanned user extensions: 3
[2019-07-17 17:13:11.027] [sharedprocess] [info] Scanned user extensions: 3
[2019-07-17 17:18:11.185] [sharedprocess] [info] Scanned user extensions: 3
[2019-07-17 17:23:11.306] [sharedprocess] [info] Scanned user extensions: 3
[2019-07-17 17:28:11.398] [sharedprocess] [info] Scanned user extensions: 3
[2019-07-17 17:33:11.507] [sharedprocess] [info] Scanned user extensions: 3
[2019-07-17 17:38:11.649] [sharedprocess] [info] Scanned user extensions: 3
