[2019-07-13 13:48:24.534] [sharedprocess] [info] main {"machineId":"8537f086b8002f1a83c73b358c38f62ce5b7a083124369640c769ea9af545c59"}
[2019-07-13 13:48:24.862] [sharedprocess] [info] Scanned user extensions: 1
[2019-07-13 13:48:24.899] [sharedprocess] [info] Scanned user extensions: 1
[2019-07-13 13:48:24.944] [sharedprocess] [info] Scanned user extensions: 1
[2019-07-13 13:48:25.206] [sharedprocess] [info] Scanned system extensions: 72
[2019-07-13 13:48:25.209] [sharedprocess] [info] Scanned system extensions: 72
[2019-07-13 13:48:25.218] [sharedprocess] [info] Scanned system extensions: 72
[2019-07-13 13:48:25.314] [sharedprocess] [info] Scanned user extensions: 1
[2019-07-13 13:48:25.351] [sharedprocess] [info] Scanned system extensions: 72
[2019-07-13 13:48:33.437] [sharedprocess] [info] Scanned user extensions: 1
[2019-07-13 13:48:41.772] [sharedprocess] [info] Scanned user extensions: 1
[2019-07-13 13:48:42.140] [sharedprocess] [info] Scanned system extensions: 72
[2019-07-13 13:48:42.830] [sharedprocess] [info] Scanned user extensions: 1
[2019-07-13 13:48:42.930] [sharedprocess] [info] Scanned system extensions: 72
[2019-07-13 13:49:04.490] [sharedprocess] [info] Starting to clean up unused language packs.
[2019-07-13 13:53:33.464] [sharedprocess] [info] Scanned user extensions: 1
[2019-07-13 13:58:33.484] [sharedprocess] [info] Scanned user extensions: 1
[2019-07-13 14:03:33.505] [sharedprocess] [info] Scanned user extensions: 1
[2019-07-13 14:08:33.525] [sharedprocess] [info] Scanned user extensions: 1
[2019-07-13 14:13:33.545] [sharedprocess] [info] Scanned user extensions: 1
[2019-07-13 14:18:33.564] [sharedprocess] [info] Scanned user extensions: 1
[2019-07-13 14:23:33.581] [sharedprocess] [info] Scanned user extensions: 1
[2019-07-13 14:28:33.599] [sharedprocess] [info] Scanned user extensions: 1
[2019-07-13 14:33:33.616] [sharedprocess] [info] Scanned user extensions: 1
[2019-07-13 14:38:33.633] [sharedprocess] [info] Scanned user extensions: 1
[2019-07-13 14:43:33.647] [sharedprocess] [info] Scanned user extensions: 1
[2019-07-13 14:49:14.612] [sharedprocess] [info] Scanned user extensions: 1
[2019-07-13 14:54:18.994] [sharedprocess] [info] Scanned user extensions: 1
[2019-07-13 14:59:19.012] [sharedprocess] [info] Scanned user extensions: 1
[2019-07-13 15:04:19.032] [sharedprocess] [info] Scanned user extensions: 1
[2019-07-13 15:09:19.049] [sharedprocess] [info] Scanned user extensions: 1
[2019-07-13 15:14:19.072] [sharedprocess] [info] Scanned user extensions: 1
[2019-07-13 15:19:19.089] [sharedprocess] [info] Scanned user extensions: 1
[2019-07-13 15:24:19.111] [sharedprocess] [info] Scanned user extensions: 1
[2019-07-13 15:29:19.157] [sharedprocess] [info] Scanned user extensions: 1
[2019-07-13 15:34:19.174] [sharedprocess] [info] Scanned user extensions: 1
[2019-07-13 15:39:19.195] [sharedprocess] [info] Scanned user extensions: 1
[2019-07-13 15:44:19.217] [sharedprocess] [info] Scanned user extensions: 1
[2019-07-13 15:49:19.234] [sharedprocess] [info] Scanned user extensions: 1
[2019-07-13 15:54:41.677] [sharedprocess] [info] Scanned user extensions: 1
[2019-07-13 15:59:41.699] [sharedprocess] [info] Scanned user extensions: 1
[2019-07-13 16:04:51.959] [sharedprocess] [info] Scanned user extensions: 1
[2019-07-13 16:09:36.287] [sharedprocess] [info] Scanned user extensions: 1
[2019-07-13 16:09:36.296] [sharedprocess] [info] Scanned user extensions: 1
[2019-07-13 16:09:36.305] [sharedprocess] [info] Scanned user extensions: 1
[2019-07-13 16:09:36.308] [sharedprocess] [info] Scanned user extensions: 1
[2019-07-13 16:09:37.528] [sharedprocess] [info] Scanned system extensions: 72
[2019-07-13 16:09:37.533] [sharedprocess] [info] Scanned system extensions: 72
[2019-07-13 16:09:37.537] [sharedprocess] [info] Scanned system extensions: 72
[2019-07-13 16:09:37.592] [sharedprocess] [info] Scanned user extensions: 1
[2019-07-13 16:09:37.636] [sharedprocess] [info] Scanned user extensions: 1
[2019-07-13 16:09:37.666] [sharedprocess] [info] Scanned user extensions: 1
[2019-07-13 16:09:37.667] [sharedprocess] [info] Scanned system extensions: 72
[2019-07-13 16:09:37.706] [sharedprocess] [info] Scanned system extensions: 72
[2019-07-13 16:09:37.733] [sharedprocess] [info] Scanned system extensions: 72
[2019-07-13 16:09:51.978] [sharedprocess] [info] Scanned user extensions: 1
[2019-07-13 16:10:08.157] [sharedprocess] [info] Installing extension: pkief.material-icon-theme
[2019-07-13 16:10:08.173] [sharedprocess] [info] Scanned user extensions: 1
[2019-07-13 16:10:19.308] [sharedprocess] [info] Downloaded extension: pkief.material-icon-theme /tmp/a6a41b55-7985-466b-97f7-15bb6df2c224
[2019-07-13 16:10:20.758] [sharedprocess] [info] Extracted extension to /root/.vscode/extensions/.pkief.material-icon-theme-3.8.0: pkief.material-icon-theme
[2019-07-13 16:10:20.759] [sharedprocess] [info] Renamed to /root/.vscode/extensions/pkief.material-icon-theme-3.8.0
[2019-07-13 16:10:20.760] [sharedprocess] [info] Installation completed. pkief.material-icon-theme
[2019-07-13 16:10:20.850] [sharedprocess] [info] Extensions installed successfully: pkief.material-icon-theme
[2019-07-13 16:14:52.002] [sharedprocess] [info] Scanned user extensions: 2
[2019-07-13 16:19:52.028] [sharedprocess] [info] Scanned user extensions: 2
[2019-07-13 16:24:52.054] [sharedprocess] [info] Scanned user extensions: 2
[2019-07-13 16:29:52.088] [sharedprocess] [info] Scanned user extensions: 2
[2019-07-13 16:34:52.122] [sharedprocess] [info] Scanned user extensions: 2
[2019-07-13 16:39:52.215] [sharedprocess] [info] Scanned user extensions: 2
[2019-07-13 16:44:52.249] [sharedprocess] [info] Scanned user extensions: 2
[2019-07-13 16:49:52.284] [sharedprocess] [info] Scanned user extensions: 2
[2019-07-13 16:54:52.334] [sharedprocess] [info] Scanned user extensions: 2
[2019-07-13 16:59:52.528] [sharedprocess] [info] Scanned user extensions: 2
[2019-07-13 17:04:52.719] [sharedprocess] [info] Scanned user extensions: 2
[2019-07-13 17:09:52.761] [sharedprocess] [info] Scanned user extensions: 2
[2019-07-13 17:14:52.862] [sharedprocess] [info] Scanned user extensions: 2
[2019-07-13 17:19:52.887] [sharedprocess] [info] Scanned user extensions: 2
[2019-07-13 17:24:52.921] [sharedprocess] [info] Scanned user extensions: 2
[2019-07-13 17:29:52.955] [sharedprocess] [info] Scanned user extensions: 2
[2019-07-13 17:34:52.972] [sharedprocess] [info] Scanned user extensions: 2
[2019-07-13 17:39:53.007] [sharedprocess] [info] Scanned user extensions: 2
[2019-07-13 17:44:53.049] [sharedprocess] [info] Scanned user extensions: 2
[2019-07-13 17:49:53.142] [sharedprocess] [info] Scanned user extensions: 2
[2019-07-13 17:54:53.284] [sharedprocess] [info] Scanned user extensions: 2
[2019-07-13 17:59:53.326] [sharedprocess] [info] Scanned user extensions: 2
