[2019-07-17 12:01:04.591] [exthost] [info] extension host started
[2019-07-17 12:01:04.979] [exthost] [info] ExtensionService#_doActivateExtension vscode.debug-auto-launch {"startup":true,"activationEvent":"*"}
[2019-07-17 12:01:04.979] [exthost] [info] ExtensionService#loadCommonJSModule /usr/share/code/resources/app/extensions/debug-auto-launch/dist/extension
[2019-07-17 12:01:05.126] [exthost] [info] ExtensionService#_doActivateExtension vscode.emmet {"startup":true,"activationEvent":"*"}
[2019-07-17 12:01:05.126] [exthost] [info] ExtensionService#loadCommonJSModule /usr/share/code/resources/app/extensions/emmet/dist/extension
[2019-07-17 12:01:05.531] [exthost] [info] ExtensionService#_doActivateExtension vscode.git {"startup":true,"activationEvent":"*"}
[2019-07-17 12:01:05.531] [exthost] [info] ExtensionService#loadCommonJSModule /usr/share/code/resources/app/extensions/git/dist/main
[2019-07-17 12:01:06.174] [exthost] [info] ExtensionService#_doActivateExtension vscode.merge-conflict {"startup":true,"activationEvent":"*"}
[2019-07-17 12:01:06.174] [exthost] [info] ExtensionService#loadCommonJSModule /usr/share/code/resources/app/extensions/merge-conflict/dist/extension
[2019-07-17 12:01:07.254] [exthost] [info] ExtensionService#_doActivateExtension AllenLawrence.auto-mongodb {"startup":true,"activationEvent":"*"}
[2019-07-17 12:01:07.254] [exthost] [info] ExtensionService#loadCommonJSModule /root/.vscode/extensions/allenlawrence.auto-mongodb-0.1.0/out/extension
[2019-07-17 12:01:20.232] [exthost] [info] ExtensionService#_doActivateExtension PKief.material-icon-theme {"startup":true,"activationEvent":"*"}
[2019-07-17 12:01:20.232] [exthost] [info] ExtensionService#loadCommonJSModule /root/.vscode/extensions/pkief.material-icon-theme-3.8.0/dist/extension
[2019-07-17 12:01:20.269] [exthost] [info] eager extensions activated
[2019-07-17 12:02:52.785] [exthost] [info] ExtensionService#_doActivateExtension vscode.html-language-features {"startup":false,"activationEvent":"onLanguage:html"}
[2019-07-17 12:02:52.785] [exthost] [info] ExtensionService#loadCommonJSModule /usr/share/code/resources/app/extensions/html-language-features/client/dist/htmlMain
[2019-07-17 12:19:20.874] [exthost] [info] ExtensionService#_doActivateExtension vscode.python {"startup":false,"activationEvent":"onLanguage:python"}
[2019-07-17 12:19:20.874] [exthost] [info] ExtensionService#loadCommonJSModule /usr/share/code/resources/app/extensions/python/out/pythonMain
[2019-07-17 12:19:20.878] [exthost] [info] ExtensionService#_doActivateExtension ms-python.python {"startup":false,"activationEvent":"onLanguage:python"}
[2019-07-17 12:19:20.878] [exthost] [info] ExtensionService#loadCommonJSModule /root/.vscode/extensions/ms-python.python-2019.6.24221/out/client/extension
